<?xml version="1.0" encoding="UTF-8"?>
<testsuite name="org.hyperskill.simplebankmanager.Stage5UnitTest" tests="9" skipped="0" failures="0" errors="0" timestamp="2025-01-06T14:51:49" hostname="VITALIY-DESKTOP" time="1.226">
  <properties/>
  <testcase name="test00_checkNavigationOnPayBills" classname="org.hyperskill.simplebankmanager.Stage5UnitTest" time="0.127"/>
  <testcase name="test01_checkDialogDataCorrectBillCodeInput" classname="org.hyperskill.simplebankmanager.Stage5UnitTest" time="0.187"/>
  <testcase name="test02_checkDialogDataIncorrectBillCode" classname="org.hyperskill.simplebankmanager.Stage5UnitTest" time="0.101"/>
  <testcase name="test03_payBillSuccess" classname="org.hyperskill.simplebankmanager.Stage5UnitTest" time="0.162"/>
  <testcase name="test04_checkDialogDataCorrectBillCodeCancelBillPayment" classname="org.hyperskill.simplebankmanager.Stage5UnitTest" time="0.088"/>
  <testcase name="test05_afterTransactionBillPaymentInsufficientFunds" classname="org.hyperskill.simplebankmanager.Stage5UnitTest" time="0.17"/>
  <testcase name="test06_withCustomBalanceInsufficientFundsAfterSecondBillPayment" classname="org.hyperskill.simplebankmanager.Stage5UnitTest" time="0.128"/>
  <testcase name="test07_customBillSuccessfulPayment" classname="org.hyperskill.simplebankmanager.Stage5UnitTest" time="0.105"/>
  <testcase name="test08_customBillInsufficientBalance" classname="org.hyperskill.simplebankmanager.Stage5UnitTest" time="0.157"/>
  <system-out><![CDATA[]]></system-out>
  <system-err><![CDATA[]]></system-err>
</testsuite>
