<?xml version="1.0" encoding="UTF-8"?>
<testsuite name="org.hyperskill.simplebankmanager.Stage2UnitTest" tests="2" skipped="0" failures="0" errors="0" timestamp="2025-01-06T14:51:47" hostname="VITALIY-DESKTOP" time="0.197">
  <properties/>
  <testcase name="test00_checkLoginWithDefaultValuesSucceed" classname="org.hyperskill.simplebankmanager.Stage2UnitTest" time="0.102"/>
  <testcase name="test01_checkLoginWithCustomValuesSucceed" classname="org.hyperskill.simplebankmanager.Stage2UnitTest" time="0.095"/>
  <system-out><![CDATA[]]></system-out>
  <system-err><![CDATA[]]></system-err>
</testsuite>
