<?xml version="1.0" encoding="UTF-8"?>
<testsuite name="org.hyperskill.simplebankmanager.Stage3UnitTest" tests="12" skipped="0" failures="0" errors="0" timestamp="2025-01-06T14:51:47" hostname="VITALIY-DESKTOP" time="1.422">
  <properties/>
  <testcase name="test00_checkNavigationOnViewBalanceButtonClick" classname="org.hyperskill.simplebankmanager.Stage3UnitTest" time="0.138"/>
  <testcase name="test01_checkViewBalanceDefaultValues" classname="org.hyperskill.simplebankmanager.Stage3UnitTest" time="0.109"/>
  <testcase name="test02_checkViewBalanceCustomValues" classname="org.hyperskill.simplebankmanager.Stage3UnitTest" time="0.092"/>
  <testcase name="test03_checkNavigationOnTransferFundsClick" classname="org.hyperskill.simplebankmanager.Stage3UnitTest" time="0.146"/>
  <testcase name="test04_checkEmptyAmountTransferError" classname="org.hyperskill.simplebankmanager.Stage3UnitTest" time="0.11"/>
  <testcase name="test05_checkZeroAmountTransferError" classname="org.hyperskill.simplebankmanager.Stage3UnitTest" time="0.104"/>
  <testcase name="test06_checkEmptyAccountTransferError" classname="org.hyperskill.simplebankmanager.Stage3UnitTest" time="0.1"/>
  <testcase name="test07_checkIncorrectAccountTransferError" classname="org.hyperskill.simplebankmanager.Stage3UnitTest" time="0.118"/>
  <testcase name="test08_checkInsufficientFundsToastWithDefaultBalance" classname="org.hyperskill.simplebankmanager.Stage3UnitTest" time="0.122"/>
  <testcase name="test09_checkInsufficientFundsToastWithCustomBalance" classname="org.hyperskill.simplebankmanager.Stage3UnitTest" time="0.144"/>
  <testcase name="test10_checkSuccessfulTransferToastMessageAndReturnToUserMenu" classname="org.hyperskill.simplebankmanager.Stage3UnitTest" time="0.109"/>
  <testcase name="test11_checkUnsuccessfulTransferAfterSuccessfulTransfer" classname="org.hyperskill.simplebankmanager.Stage3UnitTest" time="0.127"/>
  <system-out><![CDATA[]]></system-out>
  <system-err><![CDATA[]]></system-err>
</testsuite>
